The system is: Linux - 5.15.0-73-generic - x86_64
Compiling the CXX compiler identification source file "CMakeCXXCompilerId.cpp" succeeded.
Compiler: /home/gec/arm/usr/local/arm/5.4.0/usr/bin/arm-linux-g++ 
Build flags: 
Id flags:  

The output was:
0


Compilation of the CXX compiler identification source "CMakeCXXCompilerId.cpp" produced "a.out"

The CXX compiler identification is GNU, found in "/mnt/hgfs/gongxiang/code/myproject/Stargazing_platform/stargazing_platform_program/build/CMakeFiles/3.16.3/CompilerIdCXX/a.out"

Compiling the C compiler identification source file "CMakeCCompilerId.c" succeeded.
Compiler: /usr/bin/cc 
Build flags: 
Id flags:  

The output was:
0


Compilation of the C compiler identification source "CMakeCCompilerId.c" produced "a.out"

The C compiler identification is GNU, found in "/mnt/hgfs/gongxiang/code/myproject/Stargazing_platform/stargazing_platform_program/build/CMakeFiles/3.16.3/CompilerIdC/a.out"

Determining if the CXX compiler works passed with the following output:
Change Dir: /mnt/hgfs/gongxiang/code/myproject/Stargazing_platform/stargazing_platform_program/build/CMakeFiles/CMakeTmp

Run Build Command(s):/usr/bin/make cmTC_15a96/fast && /usr/bin/make -f CMakeFiles/cmTC_15a96.dir/build.make CMakeFiles/cmTC_15a96.dir/build
make[1]: Entering directory '/mnt/hgfs/gongxiang/code/myproject/Stargazing_platform/stargazing_platform_program/build/CMakeFiles/CMakeTmp'
Building CXX object CMakeFiles/cmTC_15a96.dir/testCXXCompiler.cxx.o
/home/gec/arm/usr/local/arm/5.4.0/usr/bin/arm-linux-g++     -o CMakeFiles/cmTC_15a96.dir/testCXXCompiler.cxx.o -c /mnt/hgfs/gongxiang/code/myproject/Stargazing_platform/stargazing_platform_program/build/CMakeFiles/CMakeTmp/testCXXCompiler.cxx
Linking CXX executable cmTC_15a96
/usr/bin/cmake -E cmake_link_script CMakeFiles/cmTC_15a96.dir/link.txt --verbose=1
/home/gec/arm/usr/local/arm/5.4.0/usr/bin/arm-linux-g++       CMakeFiles/cmTC_15a96.dir/testCXXCompiler.cxx.o  -o cmTC_15a96 
make[1]: Leaving directory '/mnt/hgfs/gongxiang/code/myproject/Stargazing_platform/stargazing_platform_program/build/CMakeFiles/CMakeTmp'



Detecting CXX compiler ABI info compiled with the following output:
Change Dir: /mnt/hgfs/gongxiang/code/myproject/Stargazing_platform/stargazing_platform_program/build/CMakeFiles/CMakeTmp

Run Build Command(s):/usr/bin/make cmTC_cefb7/fast && /usr/bin/make -f CMakeFiles/cmTC_cefb7.dir/build.make CMakeFiles/cmTC_cefb7.dir/build
make[1]: Entering directory '/mnt/hgfs/gongxiang/code/myproject/Stargazing_platform/stargazing_platform_program/build/CMakeFiles/CMakeTmp'
Building CXX object CMakeFiles/cmTC_cefb7.dir/CMakeCXXCompilerABI.cpp.o
/home/gec/arm/usr/local/arm/5.4.0/usr/bin/arm-linux-g++    -v -o CMakeFiles/cmTC_cefb7.dir/CMakeCXXCompilerABI.cpp.o -c /usr/share/cmake-3.16/Modules/CMakeCXXCompilerABI.cpp
Using built-in specs.
COLLECT_GCC=/home/gec/arm/usr/local/arm/5.4.0/usr/bin/arm-linux-g++.br_real
Target: arm-none-linux-gnueabi
Configured with: ./configure --prefix=/home/geclab/buildroot-2016.11/output/host/usr --sysconfdir=/home/geclab/buildroot-2016.11/output/host/etc --enable-static --target=arm-none-linux-gnueabi --with-sysroot=/home/geclab/buildroot-2016.11/output/host/usr/arm-none-linux-gnueabi/sysroot --disable-__cxa_atexit --with-gnu-ld --disable-libssp --disable-multilib --with-gmp=/home/geclab/buildroot-2016.11/output/host/usr --with-mpc=/home/geclab/buildroot-2016.11/output/host/usr --with-mpfr=/home/geclab/buildroot-2016.11/output/host/usr --with-pkgversion='Buildroot 2016.11' --with-bugurl=http://bugs.buildroot.net/ --disable-libquadmath --enable-tls --disable-libmudflap --enable-threads --without-isl --without-cloog --with-float=soft --disable-decimal-float --with-abi=aapcs-linux --with-cpu=cortex-a15 --with-float=soft --with-mode=arm --enable-languages=c,c++,fortran --with-build-time-tools=/home/geclab/buildroot-2016.11/output/host/usr/arm-none-linux-gnueabi/bin --enable-shared --disable-libgomp
Thread model: posix
gcc version 5.4.0 (Buildroot 2016.11) 
COLLECT_GCC_OPTIONS='-v' '-o' 'CMakeFiles/cmTC_cefb7.dir/CMakeCXXCompilerABI.cpp.o' '-c' '-shared-libgcc' '-mcpu=cortex-a15' '-mfloat-abi=soft' '-mabi=aapcs-linux' '-marm' '-mtls-dialect=gnu'
 /home/gec/arm/usr/local/arm/5.4.0/usr/bin/../libexec/gcc/arm-none-linux-gnueabi/5.4.0/cc1plus -quiet -v -iprefix /home/gec/arm/usr/local/arm/5.4.0/usr/bin/../lib/gcc/arm-none-linux-gnueabi/5.4.0/ -isysroot /home/gec/arm/usr/local/arm/5.4.0/usr/arm-none-linux-gnueabi/sysroot -D_GNU_SOURCE /usr/share/cmake-3.16/Modules/CMakeCXXCompilerABI.cpp -quiet -dumpbase CMakeCXXCompilerABI.cpp -mcpu=cortex-a15 -mfloat-abi=soft -mabi=aapcs-linux -marm -mtls-dialect=gnu -auxbase-strip CMakeFiles/cmTC_cefb7.dir/CMakeCXXCompilerABI.cpp.o -version -o /tmp/ccs3UUvk.s
GNU C++ (Buildroot 2016.11) version 5.4.0 (arm-none-linux-gnueabi)
	compiled by GNU C version 4.8.4, GMP version 6.1.1, MPFR version 3.1.5, MPC version 1.0.3
GGC heuristics: --param ggc-min-expand=100 --param ggc-min-heapsize=131072
ignoring duplicate directory "/home/gec/arm/usr/local/arm/5.4.0/usr/bin/../lib/gcc/../../lib/gcc/arm-none-linux-gnueabi/5.4.0/../../../../arm-none-linux-gnueabi/include/c++/5.4.0"
ignoring duplicate directory "/home/gec/arm/usr/local/arm/5.4.0/usr/bin/../lib/gcc/../../lib/gcc/arm-none-linux-gnueabi/5.4.0/../../../../arm-none-linux-gnueabi/include/c++/5.4.0/arm-none-linux-gnueabi"
ignoring duplicate directory "/home/gec/arm/usr/local/arm/5.4.0/usr/bin/../lib/gcc/../../lib/gcc/arm-none-linux-gnueabi/5.4.0/../../../../arm-none-linux-gnueabi/include/c++/5.4.0/backward"
ignoring duplicate directory "/home/gec/arm/usr/local/arm/5.4.0/usr/bin/../lib/gcc/../../lib/gcc/arm-none-linux-gnueabi/5.4.0/include"
ignoring nonexistent directory "/home/gec/arm/usr/local/arm/5.4.0/usr/arm-none-linux-gnueabi/sysroot/usr/local/include"
ignoring duplicate directory "/home/gec/arm/usr/local/arm/5.4.0/usr/bin/../lib/gcc/../../lib/gcc/arm-none-linux-gnueabi/5.4.0/include-fixed"
ignoring duplicate directory "/home/gec/arm/usr/local/arm/5.4.0/usr/bin/../lib/gcc/../../lib/gcc/arm-none-linux-gnueabi/5.4.0/../../../../arm-none-linux-gnueabi/include"
#include "..." search starts here:
#include <...> search starts here:
 /home/gec/arm/usr/local/arm/5.4.0/usr/bin/../lib/gcc/arm-none-linux-gnueabi/5.4.0/../../../../arm-none-linux-gnueabi/include/c++/5.4.0
 /home/gec/arm/usr/local/arm/5.4.0/usr/bin/../lib/gcc/arm-none-linux-gnueabi/5.4.0/../../../../arm-none-linux-gnueabi/include/c++/5.4.0/arm-none-linux-gnueabi
 /home/gec/arm/usr/local/arm/5.4.0/usr/bin/../lib/gcc/arm-none-linux-gnueabi/5.4.0/../../../../arm-none-linux-gnueabi/include/c++/5.4.0/backward
 /home/gec/arm/usr/local/arm/5.4.0/usr/bin/../lib/gcc/arm-none-linux-gnueabi/5.4.0/include
 /home/gec/arm/usr/local/arm/5.4.0/usr/bin/../lib/gcc/arm-none-linux-gnueabi/5.4.0/include-fixed
 /home/gec/arm/usr/local/arm/5.4.0/usr/bin/../lib/gcc/arm-none-linux-gnueabi/5.4.0/../../../../arm-none-linux-gnueabi/include
 /home/gec/arm/usr/local/arm/5.4.0/usr/arm-none-linux-gnueabi/sysroot/usr/include
End of search list.
GNU C++ (Buildroot 2016.11) version 5.4.0 (arm-none-linux-gnueabi)
	compiled by GNU C version 4.8.4, GMP version 6.1.1, MPFR version 3.1.5, MPC version 1.0.3
GGC heuristics: --param ggc-min-expand=100 --param ggc-min-heapsize=131072
Compiler executable checksum: c0a5bad1a3069b796e8d2ec399588ebb
COLLECT_GCC_OPTIONS='-v' '-o' 'CMakeFiles/cmTC_cefb7.dir/CMakeCXXCompilerABI.cpp.o' '-c' '-shared-libgcc' '-mcpu=cortex-a15' '-mfloat-abi=soft' '-mabi=aapcs-linux' '-marm' '-mtls-dialect=gnu'
 /home/gec/arm/usr/local/arm/5.4.0/usr/bin/../lib/gcc/arm-none-linux-gnueabi/5.4.0/../../../../arm-none-linux-gnueabi/bin/as -v -mcpu=cortex-a15 -mfloat-abi=soft -meabi=5 -o CMakeFiles/cmTC_cefb7.dir/CMakeCXXCompilerABI.cpp.o /tmp/ccs3UUvk.s
GNU assembler version 2.26.1 (arm-none-linux-gnueabi) using BFD version (GNU Binutils) 2.26.1
COMPILER_PATH=/home/gec/arm/usr/local/arm/5.4.0/usr/bin/../libexec/gcc/arm-none-linux-gnueabi/5.4.0/:/home/gec/arm/usr/local/arm/5.4.0/usr/bin/../libexec/gcc/:/home/gec/arm/usr/local/arm/5.4.0/usr/bin/../lib/gcc/arm-none-linux-gnueabi/5.4.0/../../../../arm-none-linux-gnueabi/bin/
LIBRARY_PATH=/home/gec/arm/usr/local/arm/5.4.0/usr/bin/../lib/gcc/arm-none-linux-gnueabi/5.4.0/:/home/gec/arm/usr/local/arm/5.4.0/usr/bin/../lib/gcc/:/home/gec/arm/usr/local/arm/5.4.0/usr/bin/../lib/gcc/arm-none-linux-gnueabi/5.4.0/../../../../arm-none-linux-gnueabi/lib/:/home/gec/arm/usr/local/arm/5.4.0/usr/arm-none-linux-gnueabi/sysroot/lib/:/home/gec/arm/usr/local/arm/5.4.0/usr/arm-none-linux-gnueabi/sysroot/usr/lib/
COLLECT_GCC_OPTIONS='-v' '-o' 'CMakeFiles/cmTC_cefb7.dir/CMakeCXXCompilerABI.cpp.o' '-c' '-shared-libgcc' '-mcpu=cortex-a15' '-mfloat-abi=soft' '-mabi=aapcs-linux' '-marm' '-mtls-dialect=gnu'
Linking CXX executable cmTC_cefb7
/usr/bin/cmake -E cmake_link_script CMakeFiles/cmTC_cefb7.dir/link.txt --verbose=1
/home/gec/arm/usr/local/arm/5.4.0/usr/bin/arm-linux-g++      -v CMakeFiles/cmTC_cefb7.dir/CMakeCXXCompilerABI.cpp.o  -o cmTC_cefb7 
Using built-in specs.
COLLECT_GCC=/home/gec/arm/usr/local/arm/5.4.0/usr/bin/arm-linux-g++.br_real
COLLECT_LTO_WRAPPER=/home/gec/arm/usr/local/arm/5.4.0/usr/bin/../libexec/gcc/arm-none-linux-gnueabi/5.4.0/lto-wrapper
Target: arm-none-linux-gnueabi
Configured with: ./configure --prefix=/home/geclab/buildroot-2016.11/output/host/usr --sysconfdir=/home/geclab/buildroot-2016.11/output/host/etc --enable-static --target=arm-none-linux-gnueabi --with-sysroot=/home/geclab/buildroot-2016.11/output/host/usr/arm-none-linux-gnueabi/sysroot --disable-__cxa_atexit --with-gnu-ld --disable-libssp --disable-multilib --with-gmp=/home/geclab/buildroot-2016.11/output/host/usr --with-mpc=/home/geclab/buildroot-2016.11/output/host/usr --with-mpfr=/home/geclab/buildroot-2016.11/output/host/usr --with-pkgversion='Buildroot 2016.11' --with-bugurl=http://bugs.buildroot.net/ --disable-libquadmath --enable-tls --disable-libmudflap --enable-threads --without-isl --without-cloog --with-float=soft --disable-decimal-float --with-abi=aapcs-linux --with-cpu=cortex-a15 --with-float=soft --with-mode=arm --enable-languages=c,c++,fortran --with-build-time-tools=/home/geclab/buildroot-2016.11/output/host/usr/arm-none-linux-gnueabi/bin --enable-shared --disable-libgomp
Thread model: posix
gcc version 5.4.0 (Buildroot 2016.11) 
COMPILER_PATH=/home/gec/arm/usr/local/arm/5.4.0/usr/bin/../libexec/gcc/arm-none-linux-gnueabi/5.4.0/:/home/gec/arm/usr/local/arm/5.4.0/usr/bin/../libexec/gcc/:/home/gec/arm/usr/local/arm/5.4.0/usr/bin/../lib/gcc/arm-none-linux-gnueabi/5.4.0/../../../../arm-none-linux-gnueabi/bin/
LIBRARY_PATH=/home/gec/arm/usr/local/arm/5.4.0/usr/bin/../lib/gcc/arm-none-linux-gnueabi/5.4.0/:/home/gec/arm/usr/local/arm/5.4.0/usr/bin/../lib/gcc/:/home/gec/arm/usr/local/arm/5.4.0/usr/bin/../lib/gcc/arm-none-linux-gnueabi/5.4.0/../../../../arm-none-linux-gnueabi/lib/:/home/gec/arm/usr/local/arm/5.4.0/usr/arm-none-linux-gnueabi/sysroot/lib/:/home/gec/arm/usr/local/arm/5.4.0/usr/arm-none-linux-gnueabi/sysroot/usr/lib/
COLLECT_GCC_OPTIONS='-v' '-o' 'cmTC_cefb7' '-shared-libgcc' '-mcpu=cortex-a15' '-mfloat-abi=soft' '-mabi=aapcs-linux' '-marm' '-mtls-dialect=gnu'
 /home/gec/arm/usr/local/arm/5.4.0/usr/bin/../libexec/gcc/arm-none-linux-gnueabi/5.4.0/collect2 -plugin /home/gec/arm/usr/local/arm/5.4.0/usr/bin/../libexec/gcc/arm-none-linux-gnueabi/5.4.0/liblto_plugin.so -plugin-opt=/home/gec/arm/usr/local/arm/5.4.0/usr/bin/../libexec/gcc/arm-none-linux-gnueabi/5.4.0/lto-wrapper -plugin-opt=-fresolution=/tmp/ccapsCgS.res -plugin-opt=-pass-through=-lgcc_s -plugin-opt=-pass-through=-lgcc -plugin-opt=-pass-through=-lc -plugin-opt=-pass-through=-lgcc_s -plugin-opt=-pass-through=-lgcc --sysroot=/home/gec/arm/usr/local/arm/5.4.0/usr/arm-none-linux-gnueabi/sysroot --eh-frame-hdr -dynamic-linker /lib/ld-linux.so.3 -X -m armelf_linux_eabi -o cmTC_cefb7 /home/gec/arm/usr/local/arm/5.4.0/usr/arm-none-linux-gnueabi/sysroot/usr/lib/crt1.o /home/gec/arm/usr/local/arm/5.4.0/usr/arm-none-linux-gnueabi/sysroot/usr/lib/crti.o /home/gec/arm/usr/local/arm/5.4.0/usr/bin/../lib/gcc/arm-none-linux-gnueabi/5.4.0/crtbegin.o -L/home/gec/arm/usr/local/arm/5.4.0/usr/bin/../lib/gcc/arm-none-linux-gnueabi/5.4.0 -L/home/gec/arm/usr/local/arm/5.4.0/usr/bin/../lib/gcc -L/home/gec/arm/usr/local/arm/5.4.0/usr/bin/../lib/gcc/arm-none-linux-gnueabi/5.4.0/../../../../arm-none-linux-gnueabi/lib -L/home/gec/arm/usr/local/arm/5.4.0/usr/arm-none-linux-gnueabi/sysroot/lib -L/home/gec/arm/usr/local/arm/5.4.0/usr/arm-none-linux-gnueabi/sysroot/usr/lib CMakeFiles/cmTC_cefb7.dir/CMakeCXXCompilerABI.cpp.o -lstdc++ -lm -lgcc_s -lgcc -lc -lgcc_s -lgcc /home/gec/arm/usr/local/arm/5.4.0/usr/bin/../lib/gcc/arm-none-linux-gnueabi/5.4.0/crtend.o /home/gec/arm/usr/local/arm/5.4.0/usr/arm-none-linux-gnueabi/sysroot/usr/lib/crtn.o
make[1]: Leaving directory '/mnt/hgfs/gongxiang/code/myproject/Stargazing_platform/stargazing_platform_program/build/CMakeFiles/CMakeTmp'



Parsed CXX implicit include dir info from above output: rv=done
  found start of include info
  found start of implicit include info
    add: [/home/gec/arm/usr/local/arm/5.4.0/usr/bin/../lib/gcc/arm-none-linux-gnueabi/5.4.0/../../../../arm-none-linux-gnueabi/include/c++/5.4.0]
    add: [/home/gec/arm/usr/local/arm/5.4.0/usr/bin/../lib/gcc/arm-none-linux-gnueabi/5.4.0/../../../../arm-none-linux-gnueabi/include/c++/5.4.0/arm-none-linux-gnueabi]
    add: [/home/gec/arm/usr/local/arm/5.4.0/usr/bin/../lib/gcc/arm-none-linux-gnueabi/5.4.0/../../../../arm-none-linux-gnueabi/include/c++/5.4.0/backward]
    add: [/home/gec/arm/usr/local/arm/5.4.0/usr/bin/../lib/gcc/arm-none-linux-gnueabi/5.4.0/include]
    add: [/home/gec/arm/usr/local/arm/5.4.0/usr/bin/../lib/gcc/arm-none-linux-gnueabi/5.4.0/include-fixed]
    add: [/home/gec/arm/usr/local/arm/5.4.0/usr/bin/../lib/gcc/arm-none-linux-gnueabi/5.4.0/../../../../arm-none-linux-gnueabi/include]
    add: [/home/gec/arm/usr/local/arm/5.4.0/usr/arm-none-linux-gnueabi/sysroot/usr/include]
  end of search list found
  collapse include dir [/home/gec/arm/usr/local/arm/5.4.0/usr/bin/../lib/gcc/arm-none-linux-gnueabi/5.4.0/../../../../arm-none-linux-gnueabi/include/c++/5.4.0] ==> [/home/gec/arm/usr/local/arm/5.4.0/usr/arm-none-linux-gnueabi/include/c++/5.4.0]
  collapse include dir [/home/gec/arm/usr/local/arm/5.4.0/usr/bin/../lib/gcc/arm-none-linux-gnueabi/5.4.0/../../../../arm-none-linux-gnueabi/include/c++/5.4.0/arm-none-linux-gnueabi] ==> [/home/gec/arm/usr/local/arm/5.4.0/usr/arm-none-linux-gnueabi/include/c++/5.4.0/arm-none-linux-gnueabi]
  collapse include dir [/home/gec/arm/usr/local/arm/5.4.0/usr/bin/../lib/gcc/arm-none-linux-gnueabi/5.4.0/../../../../arm-none-linux-gnueabi/include/c++/5.4.0/backward] ==> [/home/gec/arm/usr/local/arm/5.4.0/usr/arm-none-linux-gnueabi/include/c++/5.4.0/backward]
  collapse include dir [/home/gec/arm/usr/local/arm/5.4.0/usr/bin/../lib/gcc/arm-none-linux-gnueabi/5.4.0/include] ==> [/home/gec/arm/usr/local/arm/5.4.0/usr/lib/gcc/arm-none-linux-gnueabi/5.4.0/include]
  collapse include dir [/home/gec/arm/usr/local/arm/5.4.0/usr/bin/../lib/gcc/arm-none-linux-gnueabi/5.4.0/include-fixed] ==> [/home/gec/arm/usr/local/arm/5.4.0/usr/lib/gcc/arm-none-linux-gnueabi/5.4.0/include-fixed]
  collapse include dir [/home/gec/arm/usr/local/arm/5.4.0/usr/bin/../lib/gcc/arm-none-linux-gnueabi/5.4.0/../../../../arm-none-linux-gnueabi/include] ==> [/home/gec/arm/usr/local/arm/5.4.0/usr/arm-none-linux-gnueabi/include]
  collapse include dir [/home/gec/arm/usr/local/arm/5.4.0/usr/arm-none-linux-gnueabi/sysroot/usr/include] ==> [/home/gec/arm/usr/local/arm/5.4.0/usr/arm-none-linux-gnueabi/sysroot/usr/include]
  implicit include dirs: [/home/gec/arm/usr/local/arm/5.4.0/usr/arm-none-linux-gnueabi/include/c++/5.4.0;/home/gec/arm/usr/local/arm/5.4.0/usr/arm-none-linux-gnueabi/include/c++/5.4.0/arm-none-linux-gnueabi;/home/gec/arm/usr/local/arm/5.4.0/usr/arm-none-linux-gnueabi/include/c++/5.4.0/backward;/home/gec/arm/usr/local/arm/5.4.0/usr/lib/gcc/arm-none-linux-gnueabi/5.4.0/include;/home/gec/arm/usr/local/arm/5.4.0/usr/lib/gcc/arm-none-linux-gnueabi/5.4.0/include-fixed;/home/gec/arm/usr/local/arm/5.4.0/usr/arm-none-linux-gnueabi/include;/home/gec/arm/usr/local/arm/5.4.0/usr/arm-none-linux-gnueabi/sysroot/usr/include]


Parsed CXX implicit link information from above output:
  link line regex: [^( *|.*[/\])(ld|CMAKE_LINK_STARTFILE-NOTFOUND|([^/\]+-)?ld|collect2)[^/\]*( |$)]
  ignore line: [Change Dir: /mnt/hgfs/gongxiang/code/myproject/Stargazing_platform/stargazing_platform_program/build/CMakeFiles/CMakeTmp]
  ignore line: []
  ignore line: [Run Build Command(s):/usr/bin/make cmTC_cefb7/fast && /usr/bin/make -f CMakeFiles/cmTC_cefb7.dir/build.make CMakeFiles/cmTC_cefb7.dir/build]
  ignore line: [make[1]: Entering directory '/mnt/hgfs/gongxiang/code/myproject/Stargazing_platform/stargazing_platform_program/build/CMakeFiles/CMakeTmp']
  ignore line: [Building CXX object CMakeFiles/cmTC_cefb7.dir/CMakeCXXCompilerABI.cpp.o]
  ignore line: [/home/gec/arm/usr/local/arm/5.4.0/usr/bin/arm-linux-g++    -v -o CMakeFiles/cmTC_cefb7.dir/CMakeCXXCompilerABI.cpp.o -c /usr/share/cmake-3.16/Modules/CMakeCXXCompilerABI.cpp]
  ignore line: [Using built-in specs.]
  ignore line: [COLLECT_GCC=/home/gec/arm/usr/local/arm/5.4.0/usr/bin/arm-linux-g++.br_real]
  ignore line: [Target: arm-none-linux-gnueabi]
  ignore line: [Configured with: ./configure --prefix=/home/geclab/buildroot-2016.11/output/host/usr --sysconfdir=/home/geclab/buildroot-2016.11/output/host/etc --enable-static --target=arm-none-linux-gnueabi --with-sysroot=/home/geclab/buildroot-2016.11/output/host/usr/arm-none-linux-gnueabi/sysroot --disable-__cxa_atexit --with-gnu-ld --disable-libssp --disable-multilib --with-gmp=/home/geclab/buildroot-2016.11/output/host/usr --with-mpc=/home/geclab/buildroot-2016.11/output/host/usr --with-mpfr=/home/geclab/buildroot-2016.11/output/host/usr --with-pkgversion='Buildroot 2016.11' --with-bugurl=http://bugs.buildroot.net/ --disable-libquadmath --enable-tls --disable-libmudflap --enable-threads --without-isl --without-cloog --with-float=soft --disable-decimal-float --with-abi=aapcs-linux --with-cpu=cortex-a15 --with-float=soft --with-mode=arm --enable-languages=c,c++,fortran --with-build-time-tools=/home/geclab/buildroot-2016.11/output/host/usr/arm-none-linux-gnueabi/bin --enable-shared --disable-libgomp]
  ignore line: [Thread model: posix]
  ignore line: [gcc version 5.4.0 (Buildroot 2016.11) ]
  ignore line: [COLLECT_GCC_OPTIONS='-v' '-o' 'CMakeFiles/cmTC_cefb7.dir/CMakeCXXCompilerABI.cpp.o' '-c' '-shared-libgcc' '-mcpu=cortex-a15' '-mfloat-abi=soft' '-mabi=aapcs-linux' '-marm' '-mtls-dialect=gnu']
  ignore line: [ /home/gec/arm/usr/local/arm/5.4.0/usr/bin/../libexec/gcc/arm-none-linux-gnueabi/5.4.0/cc1plus -quiet -v -iprefix /home/gec/arm/usr/local/arm/5.4.0/usr/bin/../lib/gcc/arm-none-linux-gnueabi/5.4.0/ -isysroot /home/gec/arm/usr/local/arm/5.4.0/usr/arm-none-linux-gnueabi/sysroot -D_GNU_SOURCE /usr/share/cmake-3.16/Modules/CMakeCXXCompilerABI.cpp -quiet -dumpbase CMakeCXXCompilerABI.cpp -mcpu=cortex-a15 -mfloat-abi=soft -mabi=aapcs-linux -marm -mtls-dialect=gnu -auxbase-strip CMakeFiles/cmTC_cefb7.dir/CMakeCXXCompilerABI.cpp.o -version -o /tmp/ccs3UUvk.s]
  ignore line: [GNU C++ (Buildroot 2016.11) version 5.4.0 (arm-none-linux-gnueabi)]
  ignore line: [	compiled by GNU C version 4.8.4  GMP version 6.1.1  MPFR version 3.1.5  MPC version 1.0.3]
  ignore line: [GGC heuristics: --param ggc-min-expand=100 --param ggc-min-heapsize=131072]
  ignore line: [ignoring duplicate directory "/home/gec/arm/usr/local/arm/5.4.0/usr/bin/../lib/gcc/../../lib/gcc/arm-none-linux-gnueabi/5.4.0/../../../../arm-none-linux-gnueabi/include/c++/5.4.0"]
  ignore line: [ignoring duplicate directory "/home/gec/arm/usr/local/arm/5.4.0/usr/bin/../lib/gcc/../../lib/gcc/arm-none-linux-gnueabi/5.4.0/../../../../arm-none-linux-gnueabi/include/c++/5.4.0/arm-none-linux-gnueabi"]
  ignore line: [ignoring duplicate directory "/home/gec/arm/usr/local/arm/5.4.0/usr/bin/../lib/gcc/../../lib/gcc/arm-none-linux-gnueabi/5.4.0/../../../../arm-none-linux-gnueabi/include/c++/5.4.0/backward"]
  ignore line: [ignoring duplicate directory "/home/gec/arm/usr/local/arm/5.4.0/usr/bin/../lib/gcc/../../lib/gcc/arm-none-linux-gnueabi/5.4.0/include"]
  ignore line: [ignoring nonexistent directory "/home/gec/arm/usr/local/arm/5.4.0/usr/arm-none-linux-gnueabi/sysroot/usr/local/include"]
  ignore line: [ignoring duplicate directory "/home/gec/arm/usr/local/arm/5.4.0/usr/bin/../lib/gcc/../../lib/gcc/arm-none-linux-gnueabi/5.4.0/include-fixed"]
  ignore line: [ignoring duplicate directory "/home/gec/arm/usr/local/arm/5.4.0/usr/bin/../lib/gcc/../../lib/gcc/arm-none-linux-gnueabi/5.4.0/../../../../arm-none-linux-gnueabi/include"]
  ignore line: [#include "..." search starts here:]
  ignore line: [#include <...> search starts here:]
  ignore line: [ /home/gec/arm/usr/local/arm/5.4.0/usr/bin/../lib/gcc/arm-none-linux-gnueabi/5.4.0/../../../../arm-none-linux-gnueabi/include/c++/5.4.0]
  ignore line: [ /home/gec/arm/usr/local/arm/5.4.0/usr/bin/../lib/gcc/arm-none-linux-gnueabi/5.4.0/../../../../arm-none-linux-gnueabi/include/c++/5.4.0/arm-none-linux-gnueabi]
  ignore line: [ /home/gec/arm/usr/local/arm/5.4.0/usr/bin/../lib/gcc/arm-none-linux-gnueabi/5.4.0/../../../../arm-none-linux-gnueabi/include/c++/5.4.0/backward]
  ignore line: [ /home/gec/arm/usr/local/arm/5.4.0/usr/bin/../lib/gcc/arm-none-linux-gnueabi/5.4.0/include]
  ignore line: [ /home/gec/arm/usr/local/arm/5.4.0/usr/bin/../lib/gcc/arm-none-linux-gnueabi/5.4.0/include-fixed]
  ignore line: [ /home/gec/arm/usr/local/arm/5.4.0/usr/bin/../lib/gcc/arm-none-linux-gnueabi/5.4.0/../../../../arm-none-linux-gnueabi/include]
  ignore line: [ /home/gec/arm/usr/local/arm/5.4.0/usr/arm-none-linux-gnueabi/sysroot/usr/include]
  ignore line: [End of search list.]
  ignore line: [GNU C++ (Buildroot 2016.11) version 5.4.0 (arm-none-linux-gnueabi)]
  ignore line: [	compiled by GNU C version 4.8.4  GMP version 6.1.1  MPFR version 3.1.5  MPC version 1.0.3]
  ignore line: [GGC heuristics: --param ggc-min-expand=100 --param ggc-min-heapsize=131072]
  ignore line: [Compiler executable checksum: c0a5bad1a3069b796e8d2ec399588ebb]
  ignore line: [COLLECT_GCC_OPTIONS='-v' '-o' 'CMakeFiles/cmTC_cefb7.dir/CMakeCXXCompilerABI.cpp.o' '-c' '-shared-libgcc' '-mcpu=cortex-a15' '-mfloat-abi=soft' '-mabi=aapcs-linux' '-marm' '-mtls-dialect=gnu']
  ignore line: [ /home/gec/arm/usr/local/arm/5.4.0/usr/bin/../lib/gcc/arm-none-linux-gnueabi/5.4.0/../../../../arm-none-linux-gnueabi/bin/as -v -mcpu=cortex-a15 -mfloat-abi=soft -meabi=5 -o CMakeFiles/cmTC_cefb7.dir/CMakeCXXCompilerABI.cpp.o /tmp/ccs3UUvk.s]
  ignore line: [GNU assembler version 2.26.1 (arm-none-linux-gnueabi) using BFD version (GNU Binutils) 2.26.1]
  ignore line: [COMPILER_PATH=/home/gec/arm/usr/local/arm/5.4.0/usr/bin/../libexec/gcc/arm-none-linux-gnueabi/5.4.0/:/home/gec/arm/usr/local/arm/5.4.0/usr/bin/../libexec/gcc/:/home/gec/arm/usr/local/arm/5.4.0/usr/bin/../lib/gcc/arm-none-linux-gnueabi/5.4.0/../../../../arm-none-linux-gnueabi/bin/]
  ignore line: [LIBRARY_PATH=/home/gec/arm/usr/local/arm/5.4.0/usr/bin/../lib/gcc/arm-none-linux-gnueabi/5.4.0/:/home/gec/arm/usr/local/arm/5.4.0/usr/bin/../lib/gcc/:/home/gec/arm/usr/local/arm/5.4.0/usr/bin/../lib/gcc/arm-none-linux-gnueabi/5.4.0/../../../../arm-none-linux-gnueabi/lib/:/home/gec/arm/usr/local/arm/5.4.0/usr/arm-none-linux-gnueabi/sysroot/lib/:/home/gec/arm/usr/local/arm/5.4.0/usr/arm-none-linux-gnueabi/sysroot/usr/lib/]
  ignore line: [COLLECT_GCC_OPTIONS='-v' '-o' 'CMakeFiles/cmTC_cefb7.dir/CMakeCXXCompilerABI.cpp.o' '-c' '-shared-libgcc' '-mcpu=cortex-a15' '-mfloat-abi=soft' '-mabi=aapcs-linux' '-marm' '-mtls-dialect=gnu']
  ignore line: [Linking CXX executable cmTC_cefb7]
  ignore line: [/usr/bin/cmake -E cmake_link_script CMakeFiles/cmTC_cefb7.dir/link.txt --verbose=1]
  ignore line: [/home/gec/arm/usr/local/arm/5.4.0/usr/bin/arm-linux-g++      -v CMakeFiles/cmTC_cefb7.dir/CMakeCXXCompilerABI.cpp.o  -o cmTC_cefb7 ]
  ignore line: [Using built-in specs.]
  ignore line: [COLLECT_GCC=/home/gec/arm/usr/local/arm/5.4.0/usr/bin/arm-linux-g++.br_real]
  ignore line: [COLLECT_LTO_WRAPPER=/home/gec/arm/usr/local/arm/5.4.0/usr/bin/../libexec/gcc/arm-none-linux-gnueabi/5.4.0/lto-wrapper]
  ignore line: [Target: arm-none-linux-gnueabi]
  ignore line: [Configured with: ./configure --prefix=/home/geclab/buildroot-2016.11/output/host/usr --sysconfdir=/home/geclab/buildroot-2016.11/output/host/etc --enable-static --target=arm-none-linux-gnueabi --with-sysroot=/home/geclab/buildroot-2016.11/output/host/usr/arm-none-linux-gnueabi/sysroot --disable-__cxa_atexit --with-gnu-ld --disable-libssp --disable-multilib --with-gmp=/home/geclab/buildroot-2016.11/output/host/usr --with-mpc=/home/geclab/buildroot-2016.11/output/host/usr --with-mpfr=/home/geclab/buildroot-2016.11/output/host/usr --with-pkgversion='Buildroot 2016.11' --with-bugurl=http://bugs.buildroot.net/ --disable-libquadmath --enable-tls --disable-libmudflap --enable-threads --without-isl --without-cloog --with-float=soft --disable-decimal-float --with-abi=aapcs-linux --with-cpu=cortex-a15 --with-float=soft --with-mode=arm --enable-languages=c,c++,fortran --with-build-time-tools=/home/geclab/buildroot-2016.11/output/host/usr/arm-none-linux-gnueabi/bin --enable-shared --disable-libgomp]
  ignore line: [Thread model: posix]
  ignore line: [gcc version 5.4.0 (Buildroot 2016.11) ]
  ignore line: [COMPILER_PATH=/home/gec/arm/usr/local/arm/5.4.0/usr/bin/../libexec/gcc/arm-none-linux-gnueabi/5.4.0/:/home/gec/arm/usr/local/arm/5.4.0/usr/bin/../libexec/gcc/:/home/gec/arm/usr/local/arm/5.4.0/usr/bin/../lib/gcc/arm-none-linux-gnueabi/5.4.0/../../../../arm-none-linux-gnueabi/bin/]
  ignore line: [LIBRARY_PATH=/home/gec/arm/usr/local/arm/5.4.0/usr/bin/../lib/gcc/arm-none-linux-gnueabi/5.4.0/:/home/gec/arm/usr/local/arm/5.4.0/usr/bin/../lib/gcc/:/home/gec/arm/usr/local/arm/5.4.0/usr/bin/../lib/gcc/arm-none-linux-gnueabi/5.4.0/../../../../arm-none-linux-gnueabi/lib/:/home/gec/arm/usr/local/arm/5.4.0/usr/arm-none-linux-gnueabi/sysroot/lib/:/home/gec/arm/usr/local/arm/5.4.0/usr/arm-none-linux-gnueabi/sysroot/usr/lib/]
  ignore line: [COLLECT_GCC_OPTIONS='-v' '-o' 'cmTC_cefb7' '-shared-libgcc' '-mcpu=cortex-a15' '-mfloat-abi=soft' '-mabi=aapcs-linux' '-marm' '-mtls-dialect=gnu']
  link line: [ /home/gec/arm/usr/local/arm/5.4.0/usr/bin/../libexec/gcc/arm-none-linux-gnueabi/5.4.0/collect2 -plugin /home/gec/arm/usr/local/arm/5.4.0/usr/bin/../libexec/gcc/arm-none-linux-gnueabi/5.4.0/liblto_plugin.so -plugin-opt=/home/gec/arm/usr/local/arm/5.4.0/usr/bin/../libexec/gcc/arm-none-linux-gnueabi/5.4.0/lto-wrapper -plugin-opt=-fresolution=/tmp/ccapsCgS.res -plugin-opt=-pass-through=-lgcc_s -plugin-opt=-pass-through=-lgcc -plugin-opt=-pass-through=-lc -plugin-opt=-pass-through=-lgcc_s -plugin-opt=-pass-through=-lgcc --sysroot=/home/gec/arm/usr/local/arm/5.4.0/usr/arm-none-linux-gnueabi/sysroot --eh-frame-hdr -dynamic-linker /lib/ld-linux.so.3 -X -m armelf_linux_eabi -o cmTC_cefb7 /home/gec/arm/usr/local/arm/5.4.0/usr/arm-none-linux-gnueabi/sysroot/usr/lib/crt1.o /home/gec/arm/usr/local/arm/5.4.0/usr/arm-none-linux-gnueabi/sysroot/usr/lib/crti.o /home/gec/arm/usr/local/arm/5.4.0/usr/bin/../lib/gcc/arm-none-linux-gnueabi/5.4.0/crtbegin.o -L/home/gec/arm/usr/local/arm/5.4.0/usr/bin/../lib/gcc/arm-none-linux-gnueabi/5.4.0 -L/home/gec/arm/usr/local/arm/5.4.0/usr/bin/../lib/gcc -L/home/gec/arm/usr/local/arm/5.4.0/usr/bin/../lib/gcc/arm-none-linux-gnueabi/5.4.0/../../../../arm-none-linux-gnueabi/lib -L/home/gec/arm/usr/local/arm/5.4.0/usr/arm-none-linux-gnueabi/sysroot/lib -L/home/gec/arm/usr/local/arm/5.4.0/usr/arm-none-linux-gnueabi/sysroot/usr/lib CMakeFiles/cmTC_cefb7.dir/CMakeCXXCompilerABI.cpp.o -lstdc++ -lm -lgcc_s -lgcc -lc -lgcc_s -lgcc /home/gec/arm/usr/local/arm/5.4.0/usr/bin/../lib/gcc/arm-none-linux-gnueabi/5.4.0/crtend.o /home/gec/arm/usr/local/arm/5.4.0/usr/arm-none-linux-gnueabi/sysroot/usr/lib/crtn.o]
    arg [/home/gec/arm/usr/local/arm/5.4.0/usr/bin/../libexec/gcc/arm-none-linux-gnueabi/5.4.0/collect2] ==> ignore
    arg [-plugin] ==> ignore
    arg [/home/gec/arm/usr/local/arm/5.4.0/usr/bin/../libexec/gcc/arm-none-linux-gnueabi/5.4.0/liblto_plugin.so] ==> ignore
    arg [-plugin-opt=/home/gec/arm/usr/local/arm/5.4.0/usr/bin/../libexec/gcc/arm-none-linux-gnueabi/5.4.0/lto-wrapper] ==> ignore
    arg [-plugin-opt=-fresolution=/tmp/ccapsCgS.res] ==> ignore
    arg [-plugin-opt=-pass-through=-lgcc_s] ==> ignore
    arg [-plugin-opt=-pass-through=-lgcc] ==> ignore
    arg [-plugin-opt=-pass-through=-lc] ==> ignore
    arg [-plugin-opt=-pass-through=-lgcc_s] ==> ignore
    arg [-plugin-opt=-pass-through=-lgcc] ==> ignore
    arg [--sysroot=/home/gec/arm/usr/local/arm/5.4.0/usr/arm-none-linux-gnueabi/sysroot] ==> ignore
    arg [--eh-frame-hdr] ==> ignore
    arg [-dynamic-linker] ==> ignore
    arg [/lib/ld-linux.so.3] ==> ignore
    arg [-X] ==> ignore
    arg [-m] ==> ignore
    arg [armelf_linux_eabi] ==> ignore
    arg [-o] ==> ignore
    arg [cmTC_cefb7] ==> ignore
    arg [/home/gec/arm/usr/local/arm/5.4.0/usr/arm-none-linux-gnueabi/sysroot/usr/lib/crt1.o] ==> ignore
    arg [/home/gec/arm/usr/local/arm/5.4.0/usr/arm-none-linux-gnueabi/sysroot/usr/lib/crti.o] ==> ignore
    arg [/home/gec/arm/usr/local/arm/5.4.0/usr/bin/../lib/gcc/arm-none-linux-gnueabi/5.4.0/crtbegin.o] ==> ignore
    arg [-L/home/gec/arm/usr/local/arm/5.4.0/usr/bin/../lib/gcc/arm-none-linux-gnueabi/5.4.0] ==> dir [/home/gec/arm/usr/local/arm/5.4.0/usr/bin/../lib/gcc/arm-none-linux-gnueabi/5.4.0]
    arg [-L/home/gec/arm/usr/local/arm/5.4.0/usr/bin/../lib/gcc] ==> dir [/home/gec/arm/usr/local/arm/5.4.0/usr/bin/../lib/gcc]
    arg [-L/home/gec/arm/usr/local/arm/5.4.0/usr/bin/../lib/gcc/arm-none-linux-gnueabi/5.4.0/../../../../arm-none-linux-gnueabi/lib] ==> dir [/home/gec/arm/usr/local/arm/5.4.0/usr/bin/../lib/gcc/arm-none-linux-gnueabi/5.4.0/../../../../arm-none-linux-gnueabi/lib]
    arg [-L/home/gec/arm/usr/local/arm/5.4.0/usr/arm-none-linux-gnueabi/sysroot/lib] ==> dir [/home/gec/arm/usr/local/arm/5.4.0/usr/arm-none-linux-gnueabi/sysroot/lib]
    arg [-L/home/gec/arm/usr/local/arm/5.4.0/usr/arm-none-linux-gnueabi/sysroot/usr/lib] ==> dir [/home/gec/arm/usr/local/arm/5.4.0/usr/arm-none-linux-gnueabi/sysroot/usr/lib]
    arg [CMakeFiles/cmTC_cefb7.dir/CMakeCXXCompilerABI.cpp.o] ==> ignore
    arg [-lstdc++] ==> lib [stdc++]
    arg [-lm] ==> lib [m]
    arg [-lgcc_s] ==> lib [gcc_s]
    arg [-lgcc] ==> lib [gcc]
    arg [-lc] ==> lib [c]
    arg [-lgcc_s] ==> lib [gcc_s]
    arg [-lgcc] ==> lib [gcc]
    arg [/home/gec/arm/usr/local/arm/5.4.0/usr/bin/../lib/gcc/arm-none-linux-gnueabi/5.4.0/crtend.o] ==> ignore
    arg [/home/gec/arm/usr/local/arm/5.4.0/usr/arm-none-linux-gnueabi/sysroot/usr/lib/crtn.o] ==> ignore
  collapse library dir [/home/gec/arm/usr/local/arm/5.4.0/usr/bin/../lib/gcc/arm-none-linux-gnueabi/5.4.0] ==> [/home/gec/arm/usr/local/arm/5.4.0/usr/lib/gcc/arm-none-linux-gnueabi/5.4.0]
  collapse library dir [/home/gec/arm/usr/local/arm/5.4.0/usr/bin/../lib/gcc] ==> [/home/gec/arm/usr/local/arm/5.4.0/usr/lib/gcc]
  collapse library dir [/home/gec/arm/usr/local/arm/5.4.0/usr/bin/../lib/gcc/arm-none-linux-gnueabi/5.4.0/../../../../arm-none-linux-gnueabi/lib] ==> [/home/gec/arm/usr/local/arm/5.4.0/usr/arm-none-linux-gnueabi/lib]
  collapse library dir [/home/gec/arm/usr/local/arm/5.4.0/usr/arm-none-linux-gnueabi/sysroot/lib] ==> [/home/gec/arm/usr/local/arm/5.4.0/usr/arm-none-linux-gnueabi/sysroot/lib]
  collapse library dir [/home/gec/arm/usr/local/arm/5.4.0/usr/arm-none-linux-gnueabi/sysroot/usr/lib] ==> [/home/gec/arm/usr/local/arm/5.4.0/usr/arm-none-linux-gnueabi/sysroot/usr/lib]
  implicit libs: [stdc++;m;gcc_s;gcc;c;gcc_s;gcc]
  implicit dirs: [/home/gec/arm/usr/local/arm/5.4.0/usr/lib/gcc/arm-none-linux-gnueabi/5.4.0;/home/gec/arm/usr/local/arm/5.4.0/usr/lib/gcc;/home/gec/arm/usr/local/arm/5.4.0/usr/arm-none-linux-gnueabi/lib;/home/gec/arm/usr/local/arm/5.4.0/usr/arm-none-linux-gnueabi/sysroot/lib;/home/gec/arm/usr/local/arm/5.4.0/usr/arm-none-linux-gnueabi/sysroot/usr/lib]
  implicit fwks: []


Determining if the C compiler works passed with the following output:
Change Dir: /mnt/hgfs/gongxiang/code/myproject/Stargazing_platform/stargazing_platform_program/build/CMakeFiles/CMakeTmp

Run Build Command(s):/usr/bin/make cmTC_abfa2/fast && /usr/bin/make -f CMakeFiles/cmTC_abfa2.dir/build.make CMakeFiles/cmTC_abfa2.dir/build
make[1]: Entering directory '/mnt/hgfs/gongxiang/code/myproject/Stargazing_platform/stargazing_platform_program/build/CMakeFiles/CMakeTmp'
Building C object CMakeFiles/cmTC_abfa2.dir/testCCompiler.c.o
/usr/bin/cc    -o CMakeFiles/cmTC_abfa2.dir/testCCompiler.c.o   -c /mnt/hgfs/gongxiang/code/myproject/Stargazing_platform/stargazing_platform_program/build/CMakeFiles/CMakeTmp/testCCompiler.c
Linking C executable cmTC_abfa2
/usr/bin/cmake -E cmake_link_script CMakeFiles/cmTC_abfa2.dir/link.txt --verbose=1
/usr/bin/cc      CMakeFiles/cmTC_abfa2.dir/testCCompiler.c.o  -o cmTC_abfa2 
make[1]: Leaving directory '/mnt/hgfs/gongxiang/code/myproject/Stargazing_platform/stargazing_platform_program/build/CMakeFiles/CMakeTmp'



Detecting C compiler ABI info compiled with the following output:
Change Dir: /mnt/hgfs/gongxiang/code/myproject/Stargazing_platform/stargazing_platform_program/build/CMakeFiles/CMakeTmp

Run Build Command(s):/usr/bin/make cmTC_39dde/fast && /usr/bin/make -f CMakeFiles/cmTC_39dde.dir/build.make CMakeFiles/cmTC_39dde.dir/build
make[1]: Entering directory '/mnt/hgfs/gongxiang/code/myproject/Stargazing_platform/stargazing_platform_program/build/CMakeFiles/CMakeTmp'
Building C object CMakeFiles/cmTC_39dde.dir/CMakeCCompilerABI.c.o
/usr/bin/cc   -v -o CMakeFiles/cmTC_39dde.dir/CMakeCCompilerABI.c.o   -c /usr/share/cmake-3.16/Modules/CMakeCCompilerABI.c
Using built-in specs.
COLLECT_GCC=/usr/bin/cc
OFFLOAD_TARGET_NAMES=nvptx-none:hsa
OFFLOAD_TARGET_DEFAULT=1
Target: x86_64-linux-gnu
Configured with: ../src/configure -v --with-pkgversion='Ubuntu 9.4.0-1ubuntu1~20.04.1' --with-bugurl=file:///usr/share/doc/gcc-9/README.Bugs --enable-languages=c,ada,c++,go,brig,d,fortran,objc,obj-c++,gm2 --prefix=/usr --with-gcc-major-version-only --program-suffix=-9 --program-prefix=x86_64-linux-gnu- --enable-shared --enable-linker-build-id --libexecdir=/usr/lib --without-included-gettext --enable-threads=posix --libdir=/usr/lib --enable-nls --enable-clocale=gnu --enable-libstdcxx-debug --enable-libstdcxx-time=yes --with-default-libstdcxx-abi=new --enable-gnu-unique-object --disable-vtable-verify --enable-plugin --enable-default-pie --with-system-zlib --with-target-system-zlib=auto --enable-objc-gc=auto --enable-multiarch --disable-werror --with-arch-32=i686 --with-abi=m64 --with-multilib-list=m32,m64,mx32 --enable-multilib --with-tune=generic --enable-offload-targets=nvptx-none=/build/gcc-9-Av3uEd/gcc-9-9.4.0/debian/tmp-nvptx/usr,hsa --without-cuda-driver --enable-checking=release --build=x86_64-linux-gnu --host=x86_64-linux-gnu --target=x86_64-linux-gnu
Thread model: posix
gcc version 9.4.0 (Ubuntu 9.4.0-1ubuntu1~20.04.1) 
COLLECT_GCC_OPTIONS='-v' '-o' 'CMakeFiles/cmTC_39dde.dir/CMakeCCompilerABI.c.o' '-c' '-mtune=generic' '-march=x86-64'
 /usr/lib/gcc/x86_64-linux-gnu/9/cc1 -quiet -v -imultiarch x86_64-linux-gnu /usr/share/cmake-3.16/Modules/CMakeCCompilerABI.c -quiet -dumpbase CMakeCCompilerABI.c -mtune=generic -march=x86-64 -auxbase-strip CMakeFiles/cmTC_39dde.dir/CMakeCCompilerABI.c.o -version -fasynchronous-unwind-tables -fstack-protector-strong -Wformat -Wformat-security -fstack-clash-protection -fcf-protection -o /tmp/ccbDknfq.s
GNU C17 (Ubuntu 9.4.0-1ubuntu1~20.04.1) version 9.4.0 (x86_64-linux-gnu)
	compiled by GNU C version 9.4.0, GMP version 6.2.0, MPFR version 4.0.2, MPC version 1.1.0, isl version isl-0.22.1-GMP

warning: GMP header version 6.2.0 differs from library version 6.1.1.
warning: MPC header version 1.1.0 differs from library version 1.0.3.
GGC heuristics: --param ggc-min-expand=100 --param ggc-min-heapsize=131072
ignoring nonexistent directory "/usr/local/include/x86_64-linux-gnu"
ignoring nonexistent directory "/usr/lib/gcc/x86_64-linux-gnu/9/include-fixed"
ignoring nonexistent directory "/usr/lib/gcc/x86_64-linux-gnu/9/../../../../x86_64-linux-gnu/include"
#include "..." search starts here:
#include <...> search starts here:
 /usr/lib/gcc/x86_64-linux-gnu/9/include
 /usr/local/include
 /usr/include/x86_64-linux-gnu
 /usr/include
End of search list.
GNU C17 (Ubuntu 9.4.0-1ubuntu1~20.04.1) version 9.4.0 (x86_64-linux-gnu)
	compiled by GNU C version 9.4.0, GMP version 6.2.0, MPFR version 4.0.2, MPC version 1.1.0, isl version isl-0.22.1-GMP

warning: GMP header version 6.2.0 differs from library version 6.1.1.
warning: MPC header version 1.1.0 differs from library version 1.0.3.
GGC heuristics: --param ggc-min-expand=100 --param ggc-min-heapsize=131072
Compiler executable checksum: c0c95c0b4209efec1c1892d5ff24030b
COLLECT_GCC_OPTIONS='-v' '-o' 'CMakeFiles/cmTC_39dde.dir/CMakeCCompilerABI.c.o' '-c' '-mtune=generic' '-march=x86-64'
 as -v --64 -o CMakeFiles/cmTC_39dde.dir/CMakeCCompilerABI.c.o /tmp/ccbDknfq.s
GNU assembler version 2.34 (x86_64-linux-gnu) using BFD version (GNU Binutils for Ubuntu) 2.34
COMPILER_PATH=/usr/lib/gcc/x86_64-linux-gnu/9/:/usr/lib/gcc/x86_64-linux-gnu/9/:/usr/lib/gcc/x86_64-linux-gnu/:/usr/lib/gcc/x86_64-linux-gnu/9/:/usr/lib/gcc/x86_64-linux-gnu/
LIBRARY_PATH=/usr/lib/gcc/x86_64-linux-gnu/9/:/usr/lib/gcc/x86_64-linux-gnu/9/../../../x86_64-linux-gnu/:/usr/lib/gcc/x86_64-linux-gnu/9/../../../../lib/:/lib/x86_64-linux-gnu/:/lib/../lib/:/usr/lib/x86_64-linux-gnu/:/usr/lib/../lib/:/usr/lib/gcc/x86_64-linux-gnu/9/../../../:/lib/:/usr/lib/
COLLECT_GCC_OPTIONS='-v' '-o' 'CMakeFiles/cmTC_39dde.dir/CMakeCCompilerABI.c.o' '-c' '-mtune=generic' '-march=x86-64'
Linking C executable cmTC_39dde
/usr/bin/cmake -E cmake_link_script CMakeFiles/cmTC_39dde.dir/link.txt --verbose=1
/usr/bin/cc     -v CMakeFiles/cmTC_39dde.dir/CMakeCCompilerABI.c.o  -o cmTC_39dde 
Using built-in specs.
COLLECT_GCC=/usr/bin/cc
COLLECT_LTO_WRAPPER=/usr/lib/gcc/x86_64-linux-gnu/9/lto-wrapper
OFFLOAD_TARGET_NAMES=nvptx-none:hsa
OFFLOAD_TARGET_DEFAULT=1
Target: x86_64-linux-gnu
Configured with: ../src/configure -v --with-pkgversion='Ubuntu 9.4.0-1ubuntu1~20.04.1' --with-bugurl=file:///usr/share/doc/gcc-9/README.Bugs --enable-languages=c,ada,c++,go,brig,d,fortran,objc,obj-c++,gm2 --prefix=/usr --with-gcc-major-version-only --program-suffix=-9 --program-prefix=x86_64-linux-gnu- --enable-shared --enable-linker-build-id --libexecdir=/usr/lib --without-included-gettext --enable-threads=posix --libdir=/usr/lib --enable-nls --enable-clocale=gnu --enable-libstdcxx-debug --enable-libstdcxx-time=yes --with-default-libstdcxx-abi=new --enable-gnu-unique-object --disable-vtable-verify --enable-plugin --enable-default-pie --with-system-zlib --with-target-system-zlib=auto --enable-objc-gc=auto --enable-multiarch --disable-werror --with-arch-32=i686 --with-abi=m64 --with-multilib-list=m32,m64,mx32 --enable-multilib --with-tune=generic --enable-offload-targets=nvptx-none=/build/gcc-9-Av3uEd/gcc-9-9.4.0/debian/tmp-nvptx/usr,hsa --without-cuda-driver --enable-checking=release --build=x86_64-linux-gnu --host=x86_64-linux-gnu --target=x86_64-linux-gnu
Thread model: posix
gcc version 9.4.0 (Ubuntu 9.4.0-1ubuntu1~20.04.1) 
COMPILER_PATH=/usr/lib/gcc/x86_64-linux-gnu/9/:/usr/lib/gcc/x86_64-linux-gnu/9/:/usr/lib/gcc/x86_64-linux-gnu/:/usr/lib/gcc/x86_64-linux-gnu/9/:/usr/lib/gcc/x86_64-linux-gnu/
LIBRARY_PATH=/usr/lib/gcc/x86_64-linux-gnu/9/:/usr/lib/gcc/x86_64-linux-gnu/9/../../../x86_64-linux-gnu/:/usr/lib/gcc/x86_64-linux-gnu/9/../../../../lib/:/lib/x86_64-linux-gnu/:/lib/../lib/:/usr/lib/x86_64-linux-gnu/:/usr/lib/../lib/:/usr/lib/gcc/x86_64-linux-gnu/9/../../../:/lib/:/usr/lib/
COLLECT_GCC_OPTIONS='-v' '-o' 'cmTC_39dde' '-mtune=generic' '-march=x86-64'
 /usr/lib/gcc/x86_64-linux-gnu/9/collect2 -plugin /usr/lib/gcc/x86_64-linux-gnu/9/liblto_plugin.so -plugin-opt=/usr/lib/gcc/x86_64-linux-gnu/9/lto-wrapper -plugin-opt=-fresolution=/tmp/ccEhY7UY.res -plugin-opt=-pass-through=-lgcc -plugin-opt=-pass-through=-lgcc_s -plugin-opt=-pass-through=-lc -plugin-opt=-pass-through=-lgcc -plugin-opt=-pass-through=-lgcc_s --build-id --eh-frame-hdr -m elf_x86_64 --hash-style=gnu --as-needed -dynamic-linker /lib64/ld-linux-x86-64.so.2 -pie -z now -z relro -o cmTC_39dde /usr/lib/gcc/x86_64-linux-gnu/9/../../../x86_64-linux-gnu/Scrt1.o /usr/lib/gcc/x86_64-linux-gnu/9/../../../x86_64-linux-gnu/crti.o /usr/lib/gcc/x86_64-linux-gnu/9/crtbeginS.o -L/usr/lib/gcc/x86_64-linux-gnu/9 -L/usr/lib/gcc/x86_64-linux-gnu/9/../../../x86_64-linux-gnu -L/usr/lib/gcc/x86_64-linux-gnu/9/../../../../lib -L/lib/x86_64-linux-gnu -L/lib/../lib -L/usr/lib/x86_64-linux-gnu -L/usr/lib/../lib -L/usr/lib/gcc/x86_64-linux-gnu/9/../../.. CMakeFiles/cmTC_39dde.dir/CMakeCCompilerABI.c.o -lgcc --push-state --as-needed -lgcc_s --pop-state -lc -lgcc --push-state --as-needed -lgcc_s --pop-state /usr/lib/gcc/x86_64-linux-gnu/9/crtendS.o /usr/lib/gcc/x86_64-linux-gnu/9/../../../x86_64-linux-gnu/crtn.o
COLLECT_GCC_OPTIONS='-v' '-o' 'cmTC_39dde' '-mtune=generic' '-march=x86-64'
make[1]: Leaving directory '/mnt/hgfs/gongxiang/code/myproject/Stargazing_platform/stargazing_platform_program/build/CMakeFiles/CMakeTmp'



Parsed C implicit include dir info from above output: rv=done
  found start of include info
  found start of implicit include info
    add: [/usr/lib/gcc/x86_64-linux-gnu/9/include]
    add: [/usr/local/include]
    add: [/usr/include/x86_64-linux-gnu]
    add: [/usr/include]
  end of search list found
  collapse include dir [/usr/lib/gcc/x86_64-linux-gnu/9/include] ==> [/usr/lib/gcc/x86_64-linux-gnu/9/include]
  collapse include dir [/usr/local/include] ==> [/usr/local/include]
  collapse include dir [/usr/include/x86_64-linux-gnu] ==> [/usr/include/x86_64-linux-gnu]
  collapse include dir [/usr/include] ==> [/usr/include]
  implicit include dirs: [/usr/lib/gcc/x86_64-linux-gnu/9/include;/usr/local/include;/usr/include/x86_64-linux-gnu;/usr/include]


Parsed C implicit link information from above output:
  link line regex: [^( *|.*[/\])(ld|CMAKE_LINK_STARTFILE-NOTFOUND|([^/\]+-)?ld|collect2)[^/\]*( |$)]
  ignore line: [Change Dir: /mnt/hgfs/gongxiang/code/myproject/Stargazing_platform/stargazing_platform_program/build/CMakeFiles/CMakeTmp]
  ignore line: []
  ignore line: [Run Build Command(s):/usr/bin/make cmTC_39dde/fast && /usr/bin/make -f CMakeFiles/cmTC_39dde.dir/build.make CMakeFiles/cmTC_39dde.dir/build]
  ignore line: [make[1]: Entering directory '/mnt/hgfs/gongxiang/code/myproject/Stargazing_platform/stargazing_platform_program/build/CMakeFiles/CMakeTmp']
  ignore line: [Building C object CMakeFiles/cmTC_39dde.dir/CMakeCCompilerABI.c.o]
  ignore line: [/usr/bin/cc   -v -o CMakeFiles/cmTC_39dde.dir/CMakeCCompilerABI.c.o   -c /usr/share/cmake-3.16/Modules/CMakeCCompilerABI.c]
  ignore line: [Using built-in specs.]
  ignore line: [COLLECT_GCC=/usr/bin/cc]
  ignore line: [OFFLOAD_TARGET_NAMES=nvptx-none:hsa]
  ignore line: [OFFLOAD_TARGET_DEFAULT=1]
  ignore line: [Target: x86_64-linux-gnu]
  ignore line: [Configured with: ../src/configure -v --with-pkgversion='Ubuntu 9.4.0-1ubuntu1~20.04.1' --with-bugurl=file:///usr/share/doc/gcc-9/README.Bugs --enable-languages=c ada c++ go brig d fortran objc obj-c++ gm2 --prefix=/usr --with-gcc-major-version-only --program-suffix=-9 --program-prefix=x86_64-linux-gnu- --enable-shared --enable-linker-build-id --libexecdir=/usr/lib --without-included-gettext --enable-threads=posix --libdir=/usr/lib --enable-nls --enable-clocale=gnu --enable-libstdcxx-debug --enable-libstdcxx-time=yes --with-default-libstdcxx-abi=new --enable-gnu-unique-object --disable-vtable-verify --enable-plugin --enable-default-pie --with-system-zlib --with-target-system-zlib=auto --enable-objc-gc=auto --enable-multiarch --disable-werror --with-arch-32=i686 --with-abi=m64 --with-multilib-list=m32 m64 mx32 --enable-multilib --with-tune=generic --enable-offload-targets=nvptx-none=/build/gcc-9-Av3uEd/gcc-9-9.4.0/debian/tmp-nvptx/usr hsa --without-cuda-driver --enable-checking=release --build=x86_64-linux-gnu --host=x86_64-linux-gnu --target=x86_64-linux-gnu]
  ignore line: [Thread model: posix]
  ignore line: [gcc version 9.4.0 (Ubuntu 9.4.0-1ubuntu1~20.04.1) ]
  ignore line: [COLLECT_GCC_OPTIONS='-v' '-o' 'CMakeFiles/cmTC_39dde.dir/CMakeCCompilerABI.c.o' '-c' '-mtune=generic' '-march=x86-64']
  ignore line: [ /usr/lib/gcc/x86_64-linux-gnu/9/cc1 -quiet -v -imultiarch x86_64-linux-gnu /usr/share/cmake-3.16/Modules/CMakeCCompilerABI.c -quiet -dumpbase CMakeCCompilerABI.c -mtune=generic -march=x86-64 -auxbase-strip CMakeFiles/cmTC_39dde.dir/CMakeCCompilerABI.c.o -version -fasynchronous-unwind-tables -fstack-protector-strong -Wformat -Wformat-security -fstack-clash-protection -fcf-protection -o /tmp/ccbDknfq.s]
  ignore line: [GNU C17 (Ubuntu 9.4.0-1ubuntu1~20.04.1) version 9.4.0 (x86_64-linux-gnu)]
  ignore line: [	compiled by GNU C version 9.4.0  GMP version 6.2.0  MPFR version 4.0.2  MPC version 1.1.0  isl version isl-0.22.1-GMP]
  ignore line: []
  ignore line: [warning: GMP header version 6.2.0 differs from library version 6.1.1.]
  ignore line: [warning: MPC header version 1.1.0 differs from library version 1.0.3.]
  ignore line: [GGC heuristics: --param ggc-min-expand=100 --param ggc-min-heapsize=131072]
  ignore line: [ignoring nonexistent directory "/usr/local/include/x86_64-linux-gnu"]
  ignore line: [ignoring nonexistent directory "/usr/lib/gcc/x86_64-linux-gnu/9/include-fixed"]
  ignore line: [ignoring nonexistent directory "/usr/lib/gcc/x86_64-linux-gnu/9/../../../../x86_64-linux-gnu/include"]
  ignore line: [#include "..." search starts here:]
  ignore line: [#include <...> search starts here:]
  ignore line: [ /usr/lib/gcc/x86_64-linux-gnu/9/include]
  ignore line: [ /usr/local/include]
  ignore line: [ /usr/include/x86_64-linux-gnu]
  ignore line: [ /usr/include]
  ignore line: [End of search list.]
  ignore line: [GNU C17 (Ubuntu 9.4.0-1ubuntu1~20.04.1) version 9.4.0 (x86_64-linux-gnu)]
  ignore line: [	compiled by GNU C version 9.4.0  GMP version 6.2.0  MPFR version 4.0.2  MPC version 1.1.0  isl version isl-0.22.1-GMP]
  ignore line: []
  ignore line: [warning: GMP header version 6.2.0 differs from library version 6.1.1.]
  ignore line: [warning: MPC header version 1.1.0 differs from library version 1.0.3.]
  ignore line: [GGC heuristics: --param ggc-min-expand=100 --param ggc-min-heapsize=131072]
  ignore line: [Compiler executable checksum: c0c95c0b4209efec1c1892d5ff24030b]
  ignore line: [COLLECT_GCC_OPTIONS='-v' '-o' 'CMakeFiles/cmTC_39dde.dir/CMakeCCompilerABI.c.o' '-c' '-mtune=generic' '-march=x86-64']
  ignore line: [ as -v --64 -o CMakeFiles/cmTC_39dde.dir/CMakeCCompilerABI.c.o /tmp/ccbDknfq.s]
  ignore line: [GNU assembler version 2.34 (x86_64-linux-gnu) using BFD version (GNU Binutils for Ubuntu) 2.34]
  ignore line: [COMPILER_PATH=/usr/lib/gcc/x86_64-linux-gnu/9/:/usr/lib/gcc/x86_64-linux-gnu/9/:/usr/lib/gcc/x86_64-linux-gnu/:/usr/lib/gcc/x86_64-linux-gnu/9/:/usr/lib/gcc/x86_64-linux-gnu/]
  ignore line: [LIBRARY_PATH=/usr/lib/gcc/x86_64-linux-gnu/9/:/usr/lib/gcc/x86_64-linux-gnu/9/../../../x86_64-linux-gnu/:/usr/lib/gcc/x86_64-linux-gnu/9/../../../../lib/:/lib/x86_64-linux-gnu/:/lib/../lib/:/usr/lib/x86_64-linux-gnu/:/usr/lib/../lib/:/usr/lib/gcc/x86_64-linux-gnu/9/../../../:/lib/:/usr/lib/]
  ignore line: [COLLECT_GCC_OPTIONS='-v' '-o' 'CMakeFiles/cmTC_39dde.dir/CMakeCCompilerABI.c.o' '-c' '-mtune=generic' '-march=x86-64']
  ignore line: [Linking C executable cmTC_39dde]
  ignore line: [/usr/bin/cmake -E cmake_link_script CMakeFiles/cmTC_39dde.dir/link.txt --verbose=1]
  ignore line: [/usr/bin/cc     -v CMakeFiles/cmTC_39dde.dir/CMakeCCompilerABI.c.o  -o cmTC_39dde ]
  ignore line: [Using built-in specs.]
  ignore line: [COLLECT_GCC=/usr/bin/cc]
  ignore line: [COLLECT_LTO_WRAPPER=/usr/lib/gcc/x86_64-linux-gnu/9/lto-wrapper]
  ignore line: [OFFLOAD_TARGET_NAMES=nvptx-none:hsa]
  ignore line: [OFFLOAD_TARGET_DEFAULT=1]
  ignore line: [Target: x86_64-linux-gnu]
  ignore line: [Configured with: ../src/configure -v --with-pkgversion='Ubuntu 9.4.0-1ubuntu1~20.04.1' --with-bugurl=file:///usr/share/doc/gcc-9/README.Bugs --enable-languages=c ada c++ go brig d fortran objc obj-c++ gm2 --prefix=/usr --with-gcc-major-version-only --program-suffix=-9 --program-prefix=x86_64-linux-gnu- --enable-shared --enable-linker-build-id --libexecdir=/usr/lib --without-included-gettext --enable-threads=posix --libdir=/usr/lib --enable-nls --enable-clocale=gnu --enable-libstdcxx-debug --enable-libstdcxx-time=yes --with-default-libstdcxx-abi=new --enable-gnu-unique-object --disable-vtable-verify --enable-plugin --enable-default-pie --with-system-zlib --with-target-system-zlib=auto --enable-objc-gc=auto --enable-multiarch --disable-werror --with-arch-32=i686 --with-abi=m64 --with-multilib-list=m32 m64 mx32 --enable-multilib --with-tune=generic --enable-offload-targets=nvptx-none=/build/gcc-9-Av3uEd/gcc-9-9.4.0/debian/tmp-nvptx/usr hsa --without-cuda-driver --enable-checking=release --build=x86_64-linux-gnu --host=x86_64-linux-gnu --target=x86_64-linux-gnu]
  ignore line: [Thread model: posix]
  ignore line: [gcc version 9.4.0 (Ubuntu 9.4.0-1ubuntu1~20.04.1) ]
  ignore line: [COMPILER_PATH=/usr/lib/gcc/x86_64-linux-gnu/9/:/usr/lib/gcc/x86_64-linux-gnu/9/:/usr/lib/gcc/x86_64-linux-gnu/:/usr/lib/gcc/x86_64-linux-gnu/9/:/usr/lib/gcc/x86_64-linux-gnu/]
  ignore line: [LIBRARY_PATH=/usr/lib/gcc/x86_64-linux-gnu/9/:/usr/lib/gcc/x86_64-linux-gnu/9/../../../x86_64-linux-gnu/:/usr/lib/gcc/x86_64-linux-gnu/9/../../../../lib/:/lib/x86_64-linux-gnu/:/lib/../lib/:/usr/lib/x86_64-linux-gnu/:/usr/lib/../lib/:/usr/lib/gcc/x86_64-linux-gnu/9/../../../:/lib/:/usr/lib/]
  ignore line: [COLLECT_GCC_OPTIONS='-v' '-o' 'cmTC_39dde' '-mtune=generic' '-march=x86-64']
  link line: [ /usr/lib/gcc/x86_64-linux-gnu/9/collect2 -plugin /usr/lib/gcc/x86_64-linux-gnu/9/liblto_plugin.so -plugin-opt=/usr/lib/gcc/x86_64-linux-gnu/9/lto-wrapper -plugin-opt=-fresolution=/tmp/ccEhY7UY.res -plugin-opt=-pass-through=-lgcc -plugin-opt=-pass-through=-lgcc_s -plugin-opt=-pass-through=-lc -plugin-opt=-pass-through=-lgcc -plugin-opt=-pass-through=-lgcc_s --build-id --eh-frame-hdr -m elf_x86_64 --hash-style=gnu --as-needed -dynamic-linker /lib64/ld-linux-x86-64.so.2 -pie -z now -z relro -o cmTC_39dde /usr/lib/gcc/x86_64-linux-gnu/9/../../../x86_64-linux-gnu/Scrt1.o /usr/lib/gcc/x86_64-linux-gnu/9/../../../x86_64-linux-gnu/crti.o /usr/lib/gcc/x86_64-linux-gnu/9/crtbeginS.o -L/usr/lib/gcc/x86_64-linux-gnu/9 -L/usr/lib/gcc/x86_64-linux-gnu/9/../../../x86_64-linux-gnu -L/usr/lib/gcc/x86_64-linux-gnu/9/../../../../lib -L/lib/x86_64-linux-gnu -L/lib/../lib -L/usr/lib/x86_64-linux-gnu -L/usr/lib/../lib -L/usr/lib/gcc/x86_64-linux-gnu/9/../../.. CMakeFiles/cmTC_39dde.dir/CMakeCCompilerABI.c.o -lgcc --push-state --as-needed -lgcc_s --pop-state -lc -lgcc --push-state --as-needed -lgcc_s --pop-state /usr/lib/gcc/x86_64-linux-gnu/9/crtendS.o /usr/lib/gcc/x86_64-linux-gnu/9/../../../x86_64-linux-gnu/crtn.o]
    arg [/usr/lib/gcc/x86_64-linux-gnu/9/collect2] ==> ignore
    arg [-plugin] ==> ignore
    arg [/usr/lib/gcc/x86_64-linux-gnu/9/liblto_plugin.so] ==> ignore
    arg [-plugin-opt=/usr/lib/gcc/x86_64-linux-gnu/9/lto-wrapper] ==> ignore
    arg [-plugin-opt=-fresolution=/tmp/ccEhY7UY.res] ==> ignore
    arg [-plugin-opt=-pass-through=-lgcc] ==> ignore
    arg [-plugin-opt=-pass-through=-lgcc_s] ==> ignore
    arg [-plugin-opt=-pass-through=-lc] ==> ignore
    arg [-plugin-opt=-pass-through=-lgcc] ==> ignore
    arg [-plugin-opt=-pass-through=-lgcc_s] ==> ignore
    arg [--build-id] ==> ignore
    arg [--eh-frame-hdr] ==> ignore
    arg [-m] ==> ignore
    arg [elf_x86_64] ==> ignore
    arg [--hash-style=gnu] ==> ignore
    arg [--as-needed] ==> ignore
    arg [-dynamic-linker] ==> ignore
    arg [/lib64/ld-linux-x86-64.so.2] ==> ignore
    arg [-pie] ==> ignore
    arg [-znow] ==> ignore
    arg [-zrelro] ==> ignore
    arg [-o] ==> ignore
    arg [cmTC_39dde] ==> ignore
    arg [/usr/lib/gcc/x86_64-linux-gnu/9/../../../x86_64-linux-gnu/Scrt1.o] ==> ignore
    arg [/usr/lib/gcc/x86_64-linux-gnu/9/../../../x86_64-linux-gnu/crti.o] ==> ignore
    arg [/usr/lib/gcc/x86_64-linux-gnu/9/crtbeginS.o] ==> ignore
    arg [-L/usr/lib/gcc/x86_64-linux-gnu/9] ==> dir [/usr/lib/gcc/x86_64-linux-gnu/9]
    arg [-L/usr/lib/gcc/x86_64-linux-gnu/9/../../../x86_64-linux-gnu] ==> dir [/usr/lib/gcc/x86_64-linux-gnu/9/../../../x86_64-linux-gnu]
    arg [-L/usr/lib/gcc/x86_64-linux-gnu/9/../../../../lib] ==> dir [/usr/lib/gcc/x86_64-linux-gnu/9/../../../../lib]
    arg [-L/lib/x86_64-linux-gnu] ==> dir [/lib/x86_64-linux-gnu]
    arg [-L/lib/../lib] ==> dir [/lib/../lib]
    arg [-L/usr/lib/x86_64-linux-gnu] ==> dir [/usr/lib/x86_64-linux-gnu]
    arg [-L/usr/lib/../lib] ==> dir [/usr/lib/../lib]
    arg [-L/usr/lib/gcc/x86_64-linux-gnu/9/../../..] ==> dir [/usr/lib/gcc/x86_64-linux-gnu/9/../../..]
    arg [CMakeFiles/cmTC_39dde.dir/CMakeCCompilerABI.c.o] ==> ignore
    arg [-lgcc] ==> lib [gcc]
    arg [--push-state] ==> ignore
    arg [--as-needed] ==> ignore
    arg [-lgcc_s] ==> lib [gcc_s]
    arg [--pop-state] ==> ignore
    arg [-lc] ==> lib [c]
    arg [-lgcc] ==> lib [gcc]
    arg [--push-state] ==> ignore
    arg [--as-needed] ==> ignore
    arg [-lgcc_s] ==> lib [gcc_s]
    arg [--pop-state] ==> ignore
    arg [/usr/lib/gcc/x86_64-linux-gnu/9/crtendS.o] ==> ignore
    arg [/usr/lib/gcc/x86_64-linux-gnu/9/../../../x86_64-linux-gnu/crtn.o] ==> ignore
  collapse library dir [/usr/lib/gcc/x86_64-linux-gnu/9] ==> [/usr/lib/gcc/x86_64-linux-gnu/9]
  collapse library dir [/usr/lib/gcc/x86_64-linux-gnu/9/../../../x86_64-linux-gnu] ==> [/usr/lib/x86_64-linux-gnu]
  collapse library dir [/usr/lib/gcc/x86_64-linux-gnu/9/../../../../lib] ==> [/usr/lib]
  collapse library dir [/lib/x86_64-linux-gnu] ==> [/lib/x86_64-linux-gnu]
  collapse library dir [/lib/../lib] ==> [/lib]
  collapse library dir [/usr/lib/x86_64-linux-gnu] ==> [/usr/lib/x86_64-linux-gnu]
  collapse library dir [/usr/lib/../lib] ==> [/usr/lib]
  collapse library dir [/usr/lib/gcc/x86_64-linux-gnu/9/../../..] ==> [/usr/lib]
  implicit libs: [gcc;gcc_s;c;gcc;gcc_s]
  implicit dirs: [/usr/lib/gcc/x86_64-linux-gnu/9;/usr/lib/x86_64-linux-gnu;/usr/lib;/lib/x86_64-linux-gnu;/lib]
  implicit fwks: []


